SF:/home/andy/dev/euler-rust/7-10001st-prime/src/lib.rs
FN:11,_RNvMCs2MjpkhoFfOH_11prime_10001NtB2_6Primes3new
FN:18,_RNvMCs2MjpkhoFfOH_11prime_10001NtB2_6Primes9add_prime
FN:23,_RNvMCs2MjpkhoFfOH_11prime_10001NtB2_6Primes17fill_primes_until
FN:32,_RNvMCs2MjpkhoFfOH_11prime_10001NtB2_6Primes8contains
FN:36,_RNvMCs2MjpkhoFfOH_11prime_10001NtB2_6Primes8is_prime
FN:40,_RNvMCs2MjpkhoFfOH_11prime_10001NtB2_6Primes17current_max_prime
FN:67,_RNvNtCs2MjpkhoFfOH_11prime_100015testss_25test_construct_new_struct
FN:78,_RNvNtCs2MjpkhoFfOH_11prime_100015testss_14test_add_prime
FN:87,_RNvNtCs2MjpkhoFfOH_11prime_100015testss_24test_fill_primes_until_3
FN:97,_RNvNtCs2MjpkhoFfOH_11prime_100015testss_24test_fill_primes_until_5
FN:109,_RNvNtCs2MjpkhoFfOH_11prime_100015testss_21test_n_primes_below_m
FN:124,_RNvNtCs2MjpkhoFfOH_11prime_100015testss_35test_is_prime_for_numbers_1_thru_10
FN:142,_RNvNtCs2MjpkhoFfOH_11prime_100015testss_22test_current_max_prime
FN:25,_RNCNvMCs2MjpkhoFfOH_11prime_10001NtB4_6Primes17fill_primes_until0B4_
FN:37,_RNCNvMCs2MjpkhoFfOH_11prime_10001NtB4_6Primes8is_prime0B4_
FN:37,_RNCNvMCs2MjpkhoFfOH_11prime_10001NtB4_6Primes8is_primes_0B4_
FN:48,_RNvMCs2MjpkhoFfOH_11prime_10001NtB2_6Primes3nth
FN:56,_RNvXs_Cs2MjpkhoFfOH_11prime_10001NtB4_6PrimesNtNtNtNtCs5cYH0lLSdLc_4core4iter6traits8iterator8Iterator4next
FNDA:9,_RNvMCs2MjpkhoFfOH_11prime_10001NtB2_6Primes3new
FNDA:41,_RNvMCs2MjpkhoFfOH_11prime_10001NtB2_6Primes9add_prime
FNDA:8,_RNvMCs2MjpkhoFfOH_11prime_10001NtB2_6Primes17fill_primes_until
FNDA:8,_RNvMCs2MjpkhoFfOH_11prime_10001NtB2_6Primes8contains
FNDA:104,_RNvMCs2MjpkhoFfOH_11prime_10001NtB2_6Primes8is_prime
FNDA:11,_RNvMCs2MjpkhoFfOH_11prime_10001NtB2_6Primes17current_max_prime
FNDA:1,_RNvNtCs2MjpkhoFfOH_11prime_100015testss_25test_construct_new_struct
FNDA:1,_RNvNtCs2MjpkhoFfOH_11prime_100015testss_14test_add_prime
FNDA:1,_RNvNtCs2MjpkhoFfOH_11prime_100015testss_24test_fill_primes_until_3
FNDA:1,_RNvNtCs2MjpkhoFfOH_11prime_100015testss_24test_fill_primes_until_5
FNDA:1,_RNvNtCs2MjpkhoFfOH_11prime_100015testss_21test_n_primes_below_m
FNDA:1,_RNvNtCs2MjpkhoFfOH_11prime_100015testss_35test_is_prime_for_numbers_1_thru_10
FNDA:1,_RNvNtCs2MjpkhoFfOH_11prime_100015testss_22test_current_max_prime
FNDA:95,_RNCNvMCs2MjpkhoFfOH_11prime_10001NtB4_6Primes17fill_primes_until0B4_
FNDA:215,_RNCNvMCs2MjpkhoFfOH_11prime_10001NtB4_6Primes8is_prime0B4_
FNDA:210,_RNCNvMCs2MjpkhoFfOH_11prime_10001NtB4_6Primes8is_primes_0B4_
FNDA:0,_RNvMCs2MjpkhoFfOH_11prime_10001NtB2_6Primes3nth
FNDA:0,_RNvXs_Cs2MjpkhoFfOH_11prime_10001NtB4_6PrimesNtNtNtNtCs5cYH0lLSdLc_4core4iter6traits8iterator8Iterator4next
FNF:18
FNH:16
DA:11,9
DA:12,9
DA:13,9
DA:14,9
DA:15,9
DA:16,9
DA:18,41
DA:19,41
DA:20,41
DA:21,41
DA:23,8
DA:24,8
DA:25,95
DA:26,95
DA:27,40
DA:28,55
DA:29,95
DA:30,8
DA:32,8
DA:33,8
DA:34,8
DA:36,104
DA:37,215
DA:38,104
DA:40,11
DA:41,11
DA:42,3
DA:44,8
DA:46,11
DA:48,0
DA:49,0
DA:50,0
DA:56,0
DA:57,0
DA:58,0
DA:67,1
DA:68,1
DA:69,1
DA:70,1
DA:71,1
DA:72,1
DA:73,1
DA:74,1
DA:75,1
DA:78,1
DA:79,1
DA:80,1
DA:81,1
DA:82,1
DA:83,1
DA:84,1
DA:87,1
DA:88,1
DA:89,1
DA:90,1
DA:91,1
DA:92,1
DA:93,1
DA:94,1
DA:97,1
DA:98,1
DA:99,1
DA:100,1
DA:101,1
DA:102,1
DA:103,1
DA:104,1
DA:105,1
DA:106,1
DA:109,1
DA:110,1
DA:111,1
DA:112,1
DA:114,1
DA:115,1
DA:116,1
DA:118,1
DA:119,1
DA:120,1
DA:121,1
DA:124,1
DA:125,1
DA:126,1
DA:127,1
DA:128,1
DA:129,1
DA:130,1
DA:131,1
DA:132,1
DA:133,1
DA:134,1
DA:135,1
DA:136,1
DA:137,1
DA:138,1
DA:139,1
DA:142,1
DA:143,1
DA:144,1
DA:145,1
DA:146,1
DA:147,1
DA:148,1
DA:149,1
BRF:0
BRH:0
LF:108
LH:102
end_of_record
SF:/home/andy/dev/euler-rust/7-10001st-prime/src/main.rs
FN:3,_RNvCsiuqYAgXZadQ_11prime_100014main
FNDA:0,_RNvCsiuqYAgXZadQ_11prime_100014main
FNF:1
FNH:0
DA:3,0
DA:4,0
DA:5,0
DA:6,0
BRF:0
BRH:0
LF:4
LH:0
end_of_record
SF:/home/andy/dev/euler-rust/7-10001st-prime/src/prime_getter.rs
FN:10,_RNvMNtCs2MjpkhoFfOH_11prime_1000112prime_getterNtB2_11PrimeGetter3new
FN:14,_RNvMNtCs2MjpkhoFfOH_11prime_1000112prime_getterNtB2_11PrimeGetter13primes_as_ref
FN:18,_RNvMNtCs2MjpkhoFfOH_11prime_1000112prime_getterNtB2_11PrimeGetter3len
FN:22,_RNvMNtCs2MjpkhoFfOH_11prime_1000112prime_getterNtB2_11PrimeGetter7largest
FN:26,_RNvMNtCs2MjpkhoFfOH_11prime_1000112prime_getterNtB2_11PrimeGetter9add_prime
FN:58,_RNvNtNtCs2MjpkhoFfOH_11prime_1000112prime_getter5testss_31test_can_create_from_struct_def
FN:64,_RNvNtNtCs2MjpkhoFfOH_11prime_1000112prime_getter5testss_62test_new_method_is_the_same_as_creating_from_the_def_with_vec2
FN:70,_RNvNtNtCs2MjpkhoFfOH_11prime_1000112prime_getter5testss_33test_can_access_ref_to_primes_vec
FN:76,_RNvNtNtCs2MjpkhoFfOH_11prime_1000112prime_getter5testss_51test_can_get_largest_prime_as_ref_from_new_instance
FN:82,_RNvNtNtCs2MjpkhoFfOH_11prime_1000112prime_getter5testss_26test_can_add_to_primes_vec
FN:92,_RNvNtNtCs2MjpkhoFfOH_11prime_1000112prime_getter5testss_26test_can_get_len_of_primes
FN:98,_RNvNtNtCs2MjpkhoFfOH_11prime_1000112prime_getter5testss_41test_can_get_largest_prime_after_adding_3
FNDA:6,_RNvMNtCs2MjpkhoFfOH_11prime_1000112prime_getterNtB2_11PrimeGetter3new
FNDA:3,_RNvMNtCs2MjpkhoFfOH_11prime_1000112prime_getterNtB2_11PrimeGetter13primes_as_ref
FNDA:3,_RNvMNtCs2MjpkhoFfOH_11prime_1000112prime_getterNtB2_11PrimeGetter3len
FNDA:2,_RNvMNtCs2MjpkhoFfOH_11prime_1000112prime_getterNtB2_11PrimeGetter7largest
FNDA:3,_RNvMNtCs2MjpkhoFfOH_11prime_1000112prime_getterNtB2_11PrimeGetter9add_prime
FNDA:1,_RNvNtNtCs2MjpkhoFfOH_11prime_1000112prime_getter5testss_31test_can_create_from_struct_def
FNDA:1,_RNvNtNtCs2MjpkhoFfOH_11prime_1000112prime_getter5testss_62test_new_method_is_the_same_as_creating_from_the_def_with_vec2
FNDA:1,_RNvNtNtCs2MjpkhoFfOH_11prime_1000112prime_getter5testss_33test_can_access_ref_to_primes_vec
FNDA:1,_RNvNtNtCs2MjpkhoFfOH_11prime_1000112prime_getter5testss_51test_can_get_largest_prime_as_ref_from_new_instance
FNDA:1,_RNvNtNtCs2MjpkhoFfOH_11prime_1000112prime_getter5testss_26test_can_add_to_primes_vec
FNDA:1,_RNvNtNtCs2MjpkhoFfOH_11prime_1000112prime_getter5testss_26test_can_get_len_of_primes
FNDA:1,_RNvNtNtCs2MjpkhoFfOH_11prime_1000112prime_getter5testss_41test_can_get_largest_prime_after_adding_3
FNF:12
FNH:12
DA:10,6
DA:11,6
DA:12,6
DA:14,3
DA:15,3
DA:16,3
DA:18,3
DA:19,3
DA:20,3
DA:22,2
DA:23,2
DA:24,2
DA:26,3
DA:27,3
DA:28,3
DA:58,1
DA:59,1
DA:60,1
DA:61,1
DA:64,1
DA:65,1
DA:66,1
DA:67,1
DA:70,1
DA:71,1
DA:72,1
DA:73,1
DA:76,1
DA:77,1
DA:78,1
DA:79,1
DA:82,1
DA:83,1
DA:84,1
DA:85,1
DA:87,1
DA:88,1
DA:89,1
DA:92,1
DA:93,1
DA:94,1
DA:95,1
DA:98,1
DA:99,1
DA:100,1
DA:101,1
DA:102,1
DA:103,1
BRF:0
BRH:0
LF:48
LH:48
end_of_record
SF:/home/andy/dev/euler-rust/7-10001st-prime/src/simpler_prime_getter.rs
FN:58,_RNvNtNtCs2MjpkhoFfOH_11prime_1000120simpler_prime_getter5testss_15can_make_object
FN:69,_RNvNtNtCs2MjpkhoFfOH_11prime_1000120simpler_prime_getter5testss_21can_get_len_of_primes
FN:76,_RNvNtNtCs2MjpkhoFfOH_11prime_1000120simpler_prime_getter5testss_18can_push_new_prime
FN:84,_RNvNtNtCs2MjpkhoFfOH_11prime_1000120simpler_prime_getter5testss_42can_test_next_number_to_see_if_it_is_prime
FN:95,_RNvNtNtCs2MjpkhoFfOH_11prime_1000120simpler_prime_getter5testss_25can_get_current_max_prime
FN:106,_RNvNtNtCs2MjpkhoFfOH_11prime_1000120simpler_prime_getter5testss_18can_get_next_prime
FN:8,_RNvMNtCs2MjpkhoFfOH_11prime_1000120simpler_prime_getterNtB2_18SimplerPrimeGetter3new
FN:15,_RNvMNtCs2MjpkhoFfOH_11prime_1000120simpler_prime_getterNtB2_18SimplerPrimeGetter3len
FN:19,_RNvMNtCs2MjpkhoFfOH_11prime_1000120simpler_prime_getterNtB2_18SimplerPrimeGetter11current_max
FN:24,_RNvMNtCs2MjpkhoFfOH_11prime_1000120simpler_prime_getterNtB2_18SimplerPrimeGetter9add_prime
FN:29,_RNvMNtCs2MjpkhoFfOH_11prime_1000120simpler_prime_getterNtB2_18SimplerPrimeGetter8is_prime
FN:37,_RNvXs_NtCs2MjpkhoFfOH_11prime_1000120simpler_prime_getterNtB4_18SimplerPrimeGetterNtNtNtNtCs5cYH0lLSdLc_4core4iter6traits8iterator8Iterator4next
FN:30,_RNCNvMNtCs2MjpkhoFfOH_11prime_1000120simpler_prime_getterNtB4_18SimplerPrimeGetter8is_prime0B6_
FN:38,_RNCNvXs_NtCs2MjpkhoFfOH_11prime_1000120simpler_prime_getterNtB6_18SimplerPrimeGetterNtNtNtNtCs5cYH0lLSdLc_4core4iter6traits8iterator8Iterator4next0B8_
FNDA:1,_RNvNtNtCs2MjpkhoFfOH_11prime_1000120simpler_prime_getter5testss_15can_make_object
FNDA:1,_RNvNtNtCs2MjpkhoFfOH_11prime_1000120simpler_prime_getter5testss_21can_get_len_of_primes
FNDA:1,_RNvNtNtCs2MjpkhoFfOH_11prime_1000120simpler_prime_getter5testss_18can_push_new_prime
FNDA:1,_RNvNtNtCs2MjpkhoFfOH_11prime_1000120simpler_prime_getter5testss_42can_test_next_number_to_see_if_it_is_prime
FNDA:1,_RNvNtNtCs2MjpkhoFfOH_11prime_1000120simpler_prime_getter5testss_25can_get_current_max_prime
FNDA:1,_RNvNtNtCs2MjpkhoFfOH_11prime_1000120simpler_prime_getter5testss_18can_get_next_prime
FNDA:6,_RNvMNtCs2MjpkhoFfOH_11prime_1000120simpler_prime_getterNtB2_18SimplerPrimeGetter3new
FNDA:11,_RNvMNtCs2MjpkhoFfOH_11prime_1000120simpler_prime_getterNtB2_18SimplerPrimeGetter3len
FNDA:9,_RNvMNtCs2MjpkhoFfOH_11prime_1000120simpler_prime_getterNtB2_18SimplerPrimeGetter11current_max
FNDA:10,_RNvMNtCs2MjpkhoFfOH_11prime_1000120simpler_prime_getterNtB2_18SimplerPrimeGetter9add_prime
FNDA:19,_RNvMNtCs2MjpkhoFfOH_11prime_1000120simpler_prime_getterNtB2_18SimplerPrimeGetter8is_prime
FNDA:7,_RNvXs_NtCs2MjpkhoFfOH_11prime_1000120simpler_prime_getterNtB4_18SimplerPrimeGetterNtNtNtNtCs5cYH0lLSdLc_4core4iter6traits8iterator8Iterator4next
FNDA:42,_RNCNvMNtCs2MjpkhoFfOH_11prime_1000120simpler_prime_getterNtB4_18SimplerPrimeGetter8is_prime0B6_
FNDA:17,_RNCNvXs_NtCs2MjpkhoFfOH_11prime_1000120simpler_prime_getterNtB6_18SimplerPrimeGetterNtNtNtNtCs5cYH0lLSdLc_4core4iter6traits8iterator8Iterator4next0B8_
FNF:14
FNH:14
DA:8,6
DA:9,6
DA:10,6
DA:11,6
DA:12,6
DA:13,6
DA:15,11
DA:16,11
DA:17,11
DA:19,9
DA:20,9
DA:21,9
DA:22,9
DA:24,10
DA:25,10
DA:26,10
DA:27,10
DA:29,19
DA:30,42
DA:31,19
DA:37,7
DA:38,17
DA:39,7
DA:40,7
DA:41,7
DA:42,7
DA:45,0
DA:46,0
DA:49,7
DA:58,1
DA:59,1
DA:60,1
DA:61,1
DA:62,1
DA:63,1
DA:64,1
DA:65,1
DA:66,1
DA:69,1
DA:70,1
DA:71,1
DA:72,1
DA:73,1
DA:76,1
DA:77,1
DA:78,1
DA:79,1
DA:80,1
DA:81,1
DA:84,1
DA:85,1
DA:86,1
DA:87,1
DA:89,1
DA:90,1
DA:91,1
DA:92,1
DA:95,1
DA:96,1
DA:97,1
DA:98,1
DA:100,1
DA:101,1
DA:102,1
DA:103,1
DA:106,1
DA:107,1
DA:108,1
DA:109,1
DA:110,1
DA:111,1
DA:112,1
DA:113,1
DA:114,1
DA:115,1
DA:116,1
BRF:0
BRH:0
LF:78
LH:76
end_of_record