SF:/home/andy/dev/euler-rust/10-summation-of-primes/src/lib.rs
FN:228,_RNvNtCseMxlcUmicW5_19summation_of_primes5tests13get_nth_prime
FN:241,_RNvNtCseMxlcUmicW5_19summation_of_primes5tests40test_series_equivalent_to_parallel_for_n
FN:330,_RNvNtCseMxlcUmicW5_19summation_of_primes5tests17primes_below_1000
FN:185,_RNvNtCseMxlcUmicW5_19summation_of_primes5testss_15can_make_object
FN:196,_RNvNtCseMxlcUmicW5_19summation_of_primes5testss_21can_get_len_of_primes
FN:203,_RNvNtCseMxlcUmicW5_19summation_of_primes5testss_18can_push_new_prime
FN:211,_RNvNtCseMxlcUmicW5_19summation_of_primes5testss_42can_test_next_number_to_see_if_it_is_prime
FN:220,_RNvNtCseMxlcUmicW5_19summation_of_primes5testss_59can_get_current_max_prime_before_and_after_adding_a_new_one
FN:234,_RNvNtCseMxlcUmicW5_19summation_of_primes5testss_14test_nth_prime
FN:250,_RNvNtCseMxlcUmicW5_19summation_of_primes5testss_60getting_primes_in_series_is_equivalent_to_in_parallel_for_50
FN:254,_RNvNtCseMxlcUmicW5_19summation_of_primes5testss_61getting_primes_in_series_is_equivalent_to_in_parallel_for_100
FN:259,_RNvNtCseMxlcUmicW5_19summation_of_primes5testss_64getting_primes_in_series_is_equivalent_to_in_parallel_for_10_000
FN:264,_RNvNtCseMxlcUmicW5_19summation_of_primes5testss_21test_sum_primes_lt_10
FN:273,_RNvNtCseMxlcUmicW5_19summation_of_primes5testss_41test_sum_primes_lt_11_does_not_include_11
FN:282,_RNvNtCseMxlcUmicW5_19summation_of_primes5testss_37test_sum_primes_lt_12_does_include_11
FN:291,_RNvNtCseMxlcUmicW5_19summation_of_primes5testss_19test_sieve_up_to_10
FN:297,_RNvNtCseMxlcUmicW5_19summation_of_primes5testss_19test_sieve_up_to_30
FN:303,_RNvNtCseMxlcUmicW5_19summation_of_primes5testss_36test_is_prime_with_small_primes_only
FN:317,_RNvNtCseMxlcUmicW5_19summation_of_primes5testss_24test_get_primes_below_10
FN:324,_RNvNtCseMxlcUmicW5_19summation_of_primes5testss_24test_get_primes_below_30
FN:346,_RNvNtCseMxlcUmicW5_19summation_of_primes5testss_26test_get_primes_below_1000
FN:355,_RNvNtCseMxlcUmicW5_19summation_of_primes5testss_13test_is_empty
FN:364,_RNvNtCseMxlcUmicW5_19summation_of_primes5testss_14test_0th_prime
FN:55,_RNCNvMCseMxlcUmicW5_19summation_of_primesNtB4_14PrimeGenerator8is_prime0B4_
FN:71,_RNCNvMCseMxlcUmicW5_19summation_of_primesNtB4_14PrimeGenerator26is_prime_with_small_primes0B4_
FN:83,_RNCNvMCseMxlcUmicW5_19summation_of_primesNtB4_14PrimeGenerator29get_primes_below_n_with_sieve0B4_
FN:90,_RNCNvMCseMxlcUmicW5_19summation_of_primesNtB4_14PrimeGenerator29get_primes_below_n_with_sieves_0B4_
FN:95,_RNCNvMCseMxlcUmicW5_19summation_of_primesNtB4_14PrimeGenerator28get_primes_below_n_in_series0B4_
FN:102,_RNCNvMCseMxlcUmicW5_19summation_of_primesNtB4_14PrimeGenerator28get_primes_below_n_in_seriess_0B4_
FN:103,_RNCNvMCseMxlcUmicW5_19summation_of_primesNtB4_14PrimeGenerator28get_primes_below_n_in_seriess0_0B4_
FN:123,_RNCNvMCseMxlcUmicW5_19summation_of_primesNtB4_14PrimeGenerator21parallel_primes_up_to0B4_
FN:143,_RNCNvMCseMxlcUmicW5_19summation_of_primesNtB4_14PrimeGenerator27mark_larger_primes_parallel0B4_
FN:144,_RNCNvMCseMxlcUmicW5_19summation_of_primesNtB4_14PrimeGenerator27mark_larger_primes_parallels_0B4_
FN:165,_RNCNvXs0_CseMxlcUmicW5_19summation_of_primesNtB7_14PrimeGeneratorNtNtNtNtCs5cYH0lLSdLc_4core4iter6traits8iterator8Iterator4next0B7_
FN:27,_RNvMCseMxlcUmicW5_19summation_of_primesNtB2_14PrimeGenerator14get_next_prime
FN:156,_RNvXs_CseMxlcUmicW5_19summation_of_primesNtB4_14PrimeGeneratorNtNtCs5cYH0lLSdLc_4core7default7Default7default
FN:11,_RNvMCseMxlcUmicW5_19summation_of_primesNtB2_14PrimeGenerator3new
FN:18,_RNvMCseMxlcUmicW5_19summation_of_primesNtB2_14PrimeGenerator18get_primes_below_n
FN:22,_RNvMCseMxlcUmicW5_19summation_of_primesNtB2_14PrimeGenerator18sum_primes_below_n
FN:36,_RNvMCseMxlcUmicW5_19summation_of_primesNtB2_14PrimeGenerator3len
FN:41,_RNvMCseMxlcUmicW5_19summation_of_primesNtB2_14PrimeGenerator8is_empty
FN:45,_RNvMCseMxlcUmicW5_19summation_of_primesNtB2_14PrimeGenerator11current_max
FN:49,_RNvMCseMxlcUmicW5_19summation_of_primesNtB2_14PrimeGenerator9add_prime
FN:54,_RNvMCseMxlcUmicW5_19summation_of_primesNtB2_14PrimeGenerator8is_prime
FN:58,_RNvMCseMxlcUmicW5_19summation_of_primesNtB2_14PrimeGenerator9nth_prime
FN:68,_RNvMCseMxlcUmicW5_19summation_of_primesNtB2_14PrimeGenerator26is_prime_with_small_primes
FN:74,_RNvMCseMxlcUmicW5_19summation_of_primesNtB2_14PrimeGenerator29get_primes_below_n_with_sieve
FN:94,_RNvMCseMxlcUmicW5_19summation_of_primesNtB2_14PrimeGenerator28get_primes_below_n_in_series
FN:109,_RNvMCseMxlcUmicW5_19summation_of_primesNtB2_14PrimeGenerator21parallel_primes_up_to
FN:128,_RNvMCseMxlcUmicW5_19summation_of_primesNtB2_14PrimeGenerator21get_small_prime_limit
FN:132,_RNvMCseMxlcUmicW5_19summation_of_primesNtB2_14PrimeGenerator21generate_small_primes
FN:137,_RNvMCseMxlcUmicW5_19summation_of_primesNtB2_14PrimeGenerator27mark_larger_primes_parallel
FN:164,_RNvXs0_CseMxlcUmicW5_19summation_of_primesNtB5_14PrimeGeneratorNtNtNtNtCs5cYH0lLSdLc_4core4iter6traits8iterator8Iterator4next
FN:235,_RNCNvNtCseMxlcUmicW5_19summation_of_primes5testss_14test_nth_prime0B5_
FNDA:50,_RNvNtCseMxlcUmicW5_19summation_of_primes5tests13get_nth_prime
FNDA:3,_RNvNtCseMxlcUmicW5_19summation_of_primes5tests40test_series_equivalent_to_parallel_for_n
FNDA:1,_RNvNtCseMxlcUmicW5_19summation_of_primes5tests17primes_below_1000
FNDA:1,_RNvNtCseMxlcUmicW5_19summation_of_primes5testss_15can_make_object
FNDA:1,_RNvNtCseMxlcUmicW5_19summation_of_primes5testss_21can_get_len_of_primes
FNDA:1,_RNvNtCseMxlcUmicW5_19summation_of_primes5testss_18can_push_new_prime
FNDA:1,_RNvNtCseMxlcUmicW5_19summation_of_primes5testss_42can_test_next_number_to_see_if_it_is_prime
FNDA:1,_RNvNtCseMxlcUmicW5_19summation_of_primes5testss_59can_get_current_max_prime_before_and_after_adding_a_new_one
FNDA:1,_RNvNtCseMxlcUmicW5_19summation_of_primes5testss_14test_nth_prime
FNDA:1,_RNvNtCseMxlcUmicW5_19summation_of_primes5testss_60getting_primes_in_series_is_equivalent_to_in_parallel_for_50
FNDA:1,_RNvNtCseMxlcUmicW5_19summation_of_primes5testss_61getting_primes_in_series_is_equivalent_to_in_parallel_for_100
FNDA:1,_RNvNtCseMxlcUmicW5_19summation_of_primes5testss_64getting_primes_in_series_is_equivalent_to_in_parallel_for_10_000
FNDA:1,_RNvNtCseMxlcUmicW5_19summation_of_primes5testss_21test_sum_primes_lt_10
FNDA:1,_RNvNtCseMxlcUmicW5_19summation_of_primes5testss_41test_sum_primes_lt_11_does_not_include_11
FNDA:1,_RNvNtCseMxlcUmicW5_19summation_of_primes5testss_37test_sum_primes_lt_12_does_include_11
FNDA:1,_RNvNtCseMxlcUmicW5_19summation_of_primes5testss_19test_sieve_up_to_10
FNDA:1,_RNvNtCseMxlcUmicW5_19summation_of_primes5testss_19test_sieve_up_to_30
FNDA:1,_RNvNtCseMxlcUmicW5_19summation_of_primes5testss_36test_is_prime_with_small_primes_only
FNDA:1,_RNvNtCseMxlcUmicW5_19summation_of_primes5testss_24test_get_primes_below_10
FNDA:1,_RNvNtCseMxlcUmicW5_19summation_of_primes5testss_24test_get_primes_below_30
FNDA:1,_RNvNtCseMxlcUmicW5_19summation_of_primes5testss_26test_get_primes_below_1000
FNDA:1,_RNvNtCseMxlcUmicW5_19summation_of_primes5testss_13test_is_empty
FNDA:1,_RNvNtCseMxlcUmicW5_19summation_of_primes5testss_14test_0th_prime
FNDA:100454052,_RNCNvMCseMxlcUmicW5_19summation_of_primesNtB4_14PrimeGenerator8is_prime0B4_
FNDA:55586,_RNCNvMCseMxlcUmicW5_19summation_of_primesNtB4_14PrimeGenerator26is_prime_with_small_primes0B4_
FNDA:166,_RNCNvMCseMxlcUmicW5_19summation_of_primesNtB4_14PrimeGenerator29get_primes_below_n_with_sieve0B4_
FNDA:196,_RNCNvMCseMxlcUmicW5_19summation_of_primesNtB4_14PrimeGenerator29get_primes_below_n_with_sieves_0B4_
FNDA:10223,_RNCNvMCseMxlcUmicW5_19summation_of_primesNtB4_14PrimeGenerator28get_primes_below_n_in_series0B4_
FNDA:10231,_RNCNvMCseMxlcUmicW5_19summation_of_primesNtB4_14PrimeGenerator28get_primes_below_n_in_seriess_0B4_
FNDA:1296,_RNCNvMCseMxlcUmicW5_19summation_of_primesNtB4_14PrimeGenerator28get_primes_below_n_in_seriess0_0B4_
FNDA:1437,_RNCNvMCseMxlcUmicW5_19summation_of_primesNtB4_14PrimeGenerator21parallel_primes_up_to0B4_
FNDA:10996,_RNCNvMCseMxlcUmicW5_19summation_of_primesNtB4_14PrimeGenerator27mark_larger_primes_parallel0B4_
FNDA:1393,_RNCNvMCseMxlcUmicW5_19summation_of_primesNtB4_14PrimeGenerator27mark_larger_primes_parallels_0B4_
FNDA:128481,_RNCNvXs0_CseMxlcUmicW5_19summation_of_primesNtB7_14PrimeGeneratorNtNtNtNtCs5cYH0lLSdLc_4core4iter6traits8iterator8Iterator4next0B7_
FNDA:0,_RNvMCseMxlcUmicW5_19summation_of_primesNtB2_14PrimeGenerator14get_next_prime
FNDA:0,_RNvXs_CseMxlcUmicW5_19summation_of_primesNtB4_14PrimeGeneratorNtNtCs5cYH0lLSdLc_4core7default7Default7default
FNDA:116,_RNvMCseMxlcUmicW5_19summation_of_primesNtB2_14PrimeGenerator3new
FNDA:6,_RNvMCseMxlcUmicW5_19summation_of_primesNtB2_14PrimeGenerator18get_primes_below_n
FNDA:3,_RNvMCseMxlcUmicW5_19summation_of_primesNtB2_14PrimeGenerator18sum_primes_below_n
FNDA:4,_RNvMCseMxlcUmicW5_19summation_of_primesNtB2_14PrimeGenerator3len
FNDA:2,_RNvMCseMxlcUmicW5_19summation_of_primesNtB2_14PrimeGenerator8is_empty
FNDA:12675,_RNvMCseMxlcUmicW5_19summation_of_primesNtB2_14PrimeGenerator11current_max
FNDA:12676,_RNvMCseMxlcUmicW5_19summation_of_primesNtB2_14PrimeGenerator9add_prime
FNDA:128483,_RNvMCseMxlcUmicW5_19summation_of_primesNtB2_14PrimeGenerator8is_prime
FNDA:101,_RNvMCseMxlcUmicW5_19summation_of_primesNtB2_14PrimeGenerator9nth_prime
FNDA:10998,_RNvMCseMxlcUmicW5_19summation_of_primesNtB2_14PrimeGenerator26is_prime_with_small_primes
FNDA:6,_RNvMCseMxlcUmicW5_19summation_of_primesNtB2_14PrimeGenerator29get_primes_below_n_with_sieve
FNDA:8,_RNvMCseMxlcUmicW5_19summation_of_primesNtB2_14PrimeGenerator28get_primes_below_n_in_series
FNDA:9,_RNvMCseMxlcUmicW5_19summation_of_primesNtB2_14PrimeGenerator21parallel_primes_up_to
FNDA:8,_RNvMCseMxlcUmicW5_19summation_of_primesNtB2_14PrimeGenerator21get_small_prime_limit
FNDA:4,_RNvMCseMxlcUmicW5_19summation_of_primesNtB2_14PrimeGenerator21generate_small_primes
FNDA:4,_RNvMCseMxlcUmicW5_19summation_of_primesNtB2_14PrimeGenerator27mark_larger_primes_parallel
FNDA:12673,_RNvXs0_CseMxlcUmicW5_19summation_of_primesNtB5_14PrimeGeneratorNtNtNtNtCs5cYH0lLSdLc_4core4iter6traits8iterator8Iterator4next
FNDA:50,_RNCNvNtCseMxlcUmicW5_19summation_of_primes5testss_14test_nth_prime0B5_
FNF:54
FNH:52
DA:11,116
DA:12,116
DA:13,116
DA:14,116
DA:15,116
DA:16,116
DA:18,6
DA:19,6
DA:20,6
DA:22,3
DA:23,3
DA:24,3
DA:25,3
DA:27,0
DA:28,0
DA:29,0
DA:30,0
DA:31,0
DA:32,0
DA:34,0
DA:36,4
DA:37,4
DA:38,4
DA:41,2
DA:42,2
DA:43,2
DA:45,12675
DA:46,12675
DA:47,12675
DA:49,12676
DA:50,12676
DA:51,12676
DA:52,12676
DA:54,128483
DA:55,100454052
DA:56,128483
DA:58,101
DA:59,101
DA:60,1
DA:61,100
DA:62,2
DA:64,98
DA:66,101
DA:68,10998
DA:69,10998
DA:70,10998
DA:71,55586
DA:72,10998
DA:74,6
DA:75,6
DA:76,6
DA:77,6
DA:79,22
DA:80,22
DA:81,15
DA:82,15
DA:83,166
DA:84,15
DA:87,6
DA:88,6
DA:89,6
DA:90,196
DA:91,6
DA:92,6
DA:94,8
DA:95,10223
DA:96,10223
DA:97,10223
DA:98,8
DA:99,8
DA:100,8
DA:101,8
DA:102,10231
DA:103,1296
DA:104,8
DA:105,8
DA:106,8
DA:107,8
DA:109,9
DA:110,9
DA:111,9
DA:112,9
DA:113,0
DA:114,9
DA:115,5
DA:116,4
DA:117,4
DA:118,4
DA:119,4
DA:120,4
DA:121,4
DA:122,4
DA:123,1437
DA:124,4
DA:125,4
DA:126,9
DA:128,8
DA:129,8
DA:130,8
DA:132,4
DA:133,4
DA:134,4
DA:135,4
DA:137,4
DA:138,4
DA:139,4
DA:140,4
DA:141,4
DA:142,4
DA:143,10996
DA:144,1393
DA:145,1393
DA:146,1393
DA:147,1393
DA:148,4
DA:149,4
DA:150,4
DA:151,4
DA:152,4
DA:156,0
DA:157,0
DA:158,0
DA:164,12673
DA:165,128481
DA:166,12673
DA:167,12673
DA:168,12673
DA:169,12673
DA:172,0
DA:173,0
DA:176,12673
DA:185,1
DA:186,1
DA:187,1
DA:188,1
DA:189,1
DA:190,1
DA:191,1
DA:192,1
DA:193,1
DA:196,1
DA:197,1
DA:198,1
DA:199,1
DA:200,1
DA:203,1
DA:204,1
DA:205,1
DA:206,1
DA:207,1
DA:208,1
DA:211,1
DA:212,1
DA:213,1
DA:215,1
DA:216,1
DA:217,1
DA:220,1
DA:221,1
DA:222,1
DA:224,1
DA:225,1
DA:226,1
DA:228,50
DA:229,50
DA:230,50
DA:231,50
DA:234,1
DA:235,50
DA:236,50
DA:237,50
DA:238,50
DA:239,1
DA:241,3
DA:242,3
DA:243,3
DA:244,3
DA:245,3
DA:246,3
DA:247,3
DA:250,1
DA:251,1
DA:252,1
DA:254,1
DA:255,1
DA:256,1
DA:259,1
DA:260,1
DA:261,1
DA:264,1
DA:265,1
DA:266,1
DA:267,1
DA:268,1
DA:269,1
DA:270,1
DA:273,1
DA:274,1
DA:275,1
DA:276,1
DA:277,1
DA:278,1
DA:279,1
DA:282,1
DA:283,1
DA:284,1
DA:285,1
DA:286,1
DA:287,1
DA:288,1
DA:291,1
DA:292,1
DA:293,1
DA:294,1
DA:297,1
DA:298,1
DA:299,1
DA:300,1
DA:303,1
DA:304,1
DA:305,1
DA:306,1
DA:307,1
DA:308,1
DA:309,1
DA:310,1
DA:311,1
DA:312,1
DA:313,1
DA:314,1
DA:317,1
DA:318,1
DA:319,1
DA:320,1
DA:321,1
DA:324,1
DA:325,1
DA:326,1
DA:327,1
DA:328,1
DA:330,1
DA:331,1
DA:332,1
DA:333,1
DA:334,1
DA:335,1
DA:336,1
DA:337,1
DA:338,1
DA:339,1
DA:340,1
DA:341,1
DA:342,1
DA:343,1
DA:346,1
DA:347,1
DA:348,1
DA:349,1
DA:350,1
DA:351,1
DA:352,1
DA:355,1
DA:356,1
DA:357,1
DA:359,1
DA:360,1
DA:361,1
DA:364,1
DA:365,1
DA:366,1
DA:367,1
BRF:0
BRH:0
LF:286
LH:273
end_of_record
SF:/home/andy/dev/euler-rust/10-summation-of-primes/src/main.rs
FN:3,_RNvCs7qWeGrceg5G_19summation_of_primes4main
FNDA:0,_RNvCs7qWeGrceg5G_19summation_of_primes4main
FNF:1
FNH:0
DA:3,0
DA:4,0
DA:5,0
DA:6,0
DA:7,0
DA:8,0
BRF:0
BRH:0
LF:6
LH:0
end_of_record