SF:/home/andy/dev/euler-rust/12-highly-divisible-triangular-number/src/integer_factorizer.rs
FN:17,_RNvNtNtCs6qDGMtG5nTu_34highly_divisible_triangular_number18integer_factorizer5testss_27can_make_integer_factorizer
FN:7,_RNvMNtCs6qDGMtG5nTu_34highly_divisible_triangular_number18integer_factorizerNtB2_17IntegerFactorizer3new
FNDA:1,_RNvNtNtCs6qDGMtG5nTu_34highly_divisible_triangular_number18integer_factorizer5testss_27can_make_integer_factorizer
FNDA:1,_RNvMNtCs6qDGMtG5nTu_34highly_divisible_triangular_number18integer_factorizerNtB2_17IntegerFactorizer3new
FNF:2
FNH:2
DA:7,1
DA:8,1
DA:9,1
DA:17,1
DA:18,1
DA:19,1
DA:20,1
DA:21,1
DA:22,1
BRF:0
BRH:0
LF:9
LH:9
end_of_record
SF:/home/andy/dev/euler-rust/12-highly-divisible-triangular-number/src/main.rs
FN:2,_RNvCsfTsWh5JKXC6_34highly_divisible_triangular_number4main
FN:5,_RNCNvCsfTsWh5JKXC6_34highly_divisible_triangular_number4main0B3_
FNDA:0,_RNvCsfTsWh5JKXC6_34highly_divisible_triangular_number4main
FNDA:0,_RNCNvCsfTsWh5JKXC6_34highly_divisible_triangular_number4main0B3_
FNF:2
FNH:0
DA:2,0
DA:3,0
DA:4,0
DA:5,0
DA:6,0
DA:7,0
DA:8,0
DA:9,0
BRF:0
BRH:0
LF:10
LH:0
end_of_record
SF:/home/andy/dev/euler-rust/12-highly-divisible-triangular-number/src/prime_generator.rs
FN:55,_RNCNvMNtCs6qDGMtG5nTu_34highly_divisible_triangular_number15prime_generatorNtB4_14PrimeGenerator8is_prime0B6_
FN:71,_RNCNvMNtCs6qDGMtG5nTu_34highly_divisible_triangular_number15prime_generatorNtB4_14PrimeGenerator26is_prime_with_small_primes0B6_
FN:83,_RNCNvMNtCs6qDGMtG5nTu_34highly_divisible_triangular_number15prime_generatorNtB4_14PrimeGenerator29get_primes_below_n_with_sieve0B6_
FN:90,_RNCNvMNtCs6qDGMtG5nTu_34highly_divisible_triangular_number15prime_generatorNtB4_14PrimeGenerator29get_primes_below_n_with_sieves_0B6_
FN:95,_RNCNvMNtCs6qDGMtG5nTu_34highly_divisible_triangular_number15prime_generatorNtB4_14PrimeGenerator28get_primes_below_n_in_series0B6_
FN:102,_RNCNvMNtCs6qDGMtG5nTu_34highly_divisible_triangular_number15prime_generatorNtB4_14PrimeGenerator28get_primes_below_n_in_seriess_0B6_
FN:103,_RNCNvMNtCs6qDGMtG5nTu_34highly_divisible_triangular_number15prime_generatorNtB4_14PrimeGenerator28get_primes_below_n_in_seriess0_0B6_
FN:123,_RNCNvMNtCs6qDGMtG5nTu_34highly_divisible_triangular_number15prime_generatorNtB4_14PrimeGenerator21parallel_primes_up_to0B6_
FN:127,_RNCNvMNtCs6qDGMtG5nTu_34highly_divisible_triangular_number15prime_generatorNtB4_14PrimeGenerator21parallel_primes_up_tos_0B6_
FN:147,_RNCNvMNtCs6qDGMtG5nTu_34highly_divisible_triangular_number15prime_generatorNtB4_14PrimeGenerator27mark_larger_primes_parallel0B6_
FN:148,_RNCNvMNtCs6qDGMtG5nTu_34highly_divisible_triangular_number15prime_generatorNtB4_14PrimeGenerator27mark_larger_primes_parallels_0B6_
FN:169,_RNCNvXs0_NtCs6qDGMtG5nTu_34highly_divisible_triangular_number15prime_generatorNtB7_14PrimeGeneratorNtNtNtNtCs5cYH0lLSdLc_4core4iter6traits8iterator8Iterator4next0B9_
FN:11,_RNvMNtCs6qDGMtG5nTu_34highly_divisible_triangular_number15prime_generatorNtB2_14PrimeGenerator3new
FN:18,_RNvMNtCs6qDGMtG5nTu_34highly_divisible_triangular_number15prime_generatorNtB2_14PrimeGenerator18get_primes_below_n
FN:22,_RNvMNtCs6qDGMtG5nTu_34highly_divisible_triangular_number15prime_generatorNtB2_14PrimeGenerator18sum_primes_below_n
FN:27,_RNvMNtCs6qDGMtG5nTu_34highly_divisible_triangular_number15prime_generatorNtB2_14PrimeGenerator14get_next_prime
FN:36,_RNvMNtCs6qDGMtG5nTu_34highly_divisible_triangular_number15prime_generatorNtB2_14PrimeGenerator3len
FN:41,_RNvMNtCs6qDGMtG5nTu_34highly_divisible_triangular_number15prime_generatorNtB2_14PrimeGenerator8is_empty
FN:45,_RNvMNtCs6qDGMtG5nTu_34highly_divisible_triangular_number15prime_generatorNtB2_14PrimeGenerator11current_max
FN:49,_RNvMNtCs6qDGMtG5nTu_34highly_divisible_triangular_number15prime_generatorNtB2_14PrimeGenerator9add_prime
FN:54,_RNvMNtCs6qDGMtG5nTu_34highly_divisible_triangular_number15prime_generatorNtB2_14PrimeGenerator8is_prime
FN:58,_RNvMNtCs6qDGMtG5nTu_34highly_divisible_triangular_number15prime_generatorNtB2_14PrimeGenerator9nth_prime
FN:68,_RNvMNtCs6qDGMtG5nTu_34highly_divisible_triangular_number15prime_generatorNtB2_14PrimeGenerator26is_prime_with_small_primes
FN:74,_RNvMNtCs6qDGMtG5nTu_34highly_divisible_triangular_number15prime_generatorNtB2_14PrimeGenerator29get_primes_below_n_with_sieve
FN:94,_RNvMNtCs6qDGMtG5nTu_34highly_divisible_triangular_number15prime_generatorNtB2_14PrimeGenerator28get_primes_below_n_in_series
FN:109,_RNvMNtCs6qDGMtG5nTu_34highly_divisible_triangular_number15prime_generatorNtB2_14PrimeGenerator21parallel_primes_up_to
FN:132,_RNvMNtCs6qDGMtG5nTu_34highly_divisible_triangular_number15prime_generatorNtB2_14PrimeGenerator21get_small_prime_limit
FN:136,_RNvMNtCs6qDGMtG5nTu_34highly_divisible_triangular_number15prime_generatorNtB2_14PrimeGenerator21generate_small_primes
FN:141,_RNvMNtCs6qDGMtG5nTu_34highly_divisible_triangular_number15prime_generatorNtB2_14PrimeGenerator27mark_larger_primes_parallel
FN:168,_RNvXs0_NtCs6qDGMtG5nTu_34highly_divisible_triangular_number15prime_generatorNtB5_14PrimeGeneratorNtNtNtNtCs5cYH0lLSdLc_4core4iter6traits8iterator8Iterator4next
FN:160,_RNvXs_NtCs6qDGMtG5nTu_34highly_divisible_triangular_number15prime_generatorNtB4_14PrimeGeneratorNtNtCs5cYH0lLSdLc_4core7default7Default7default
FN:239,_RNCNvNtNtCs6qDGMtG5nTu_34highly_divisible_triangular_number15prime_generator5testss_14test_nth_prime0B7_
FN:232,_RNvNtNtCs6qDGMtG5nTu_34highly_divisible_triangular_number15prime_generator5tests13get_nth_prime
FN:245,_RNvNtNtCs6qDGMtG5nTu_34highly_divisible_triangular_number15prime_generator5tests40test_series_equivalent_to_parallel_for_n
FN:335,_RNvNtNtCs6qDGMtG5nTu_34highly_divisible_triangular_number15prime_generator5tests17primes_below_1000
FN:189,_RNvNtNtCs6qDGMtG5nTu_34highly_divisible_triangular_number15prime_generator5testss_15can_make_object
FN:200,_RNvNtNtCs6qDGMtG5nTu_34highly_divisible_triangular_number15prime_generator5testss_21can_get_len_of_primes
FN:207,_RNvNtNtCs6qDGMtG5nTu_34highly_divisible_triangular_number15prime_generator5testss_18can_push_new_prime
FN:215,_RNvNtNtCs6qDGMtG5nTu_34highly_divisible_triangular_number15prime_generator5testss_42can_test_next_number_to_see_if_it_is_prime
FN:224,_RNvNtNtCs6qDGMtG5nTu_34highly_divisible_triangular_number15prime_generator5testss_59can_get_current_max_prime_before_and_after_adding_a_new_one
FN:238,_RNvNtNtCs6qDGMtG5nTu_34highly_divisible_triangular_number15prime_generator5testss_14test_nth_prime
FN:254,_RNvNtNtCs6qDGMtG5nTu_34highly_divisible_triangular_number15prime_generator5testss_60getting_primes_in_series_is_equivalent_to_in_parallel_for_50
FN:259,_RNvNtNtCs6qDGMtG5nTu_34highly_divisible_triangular_number15prime_generator5testss_61getting_primes_in_series_is_equivalent_to_in_parallel_for_100
FN:264,_RNvNtNtCs6qDGMtG5nTu_34highly_divisible_triangular_number15prime_generator5testss_62getting_primes_in_series_is_equivalent_to_in_parallel_for_1000
FN:269,_RNvNtNtCs6qDGMtG5nTu_34highly_divisible_triangular_number15prime_generator5testss_21test_sum_primes_lt_10
FN:278,_RNvNtNtCs6qDGMtG5nTu_34highly_divisible_triangular_number15prime_generator5testss_41test_sum_primes_lt_11_does_not_include_11
FN:287,_RNvNtNtCs6qDGMtG5nTu_34highly_divisible_triangular_number15prime_generator5testss_37test_sum_primes_lt_12_does_include_11
FN:296,_RNvNtNtCs6qDGMtG5nTu_34highly_divisible_triangular_number15prime_generator5testss_19test_sieve_up_to_10
FN:302,_RNvNtNtCs6qDGMtG5nTu_34highly_divisible_triangular_number15prime_generator5testss_19test_sieve_up_to_30
FN:308,_RNvNtNtCs6qDGMtG5nTu_34highly_divisible_triangular_number15prime_generator5testss_36test_is_prime_with_small_primes_only
FN:322,_RNvNtNtCs6qDGMtG5nTu_34highly_divisible_triangular_number15prime_generator5testss_24test_get_primes_below_10
FN:329,_RNvNtNtCs6qDGMtG5nTu_34highly_divisible_triangular_number15prime_generator5testss_24test_get_primes_below_30
FN:351,_RNvNtNtCs6qDGMtG5nTu_34highly_divisible_triangular_number15prime_generator5testss_26test_get_primes_below_1000
FN:360,_RNvNtNtCs6qDGMtG5nTu_34highly_divisible_triangular_number15prime_generator5testss_13test_is_empty
FN:369,_RNvNtNtCs6qDGMtG5nTu_34highly_divisible_triangular_number15prime_generator5testss_14test_0th_prime
FN:375,_RNvNtNtCs6qDGMtG5nTu_34highly_divisible_triangular_number15prime_generator5testss_19test_primes_up_to_0
FN:383,_RNvNtNtCs6qDGMtG5nTu_34highly_divisible_triangular_number15prime_generator5testss_19test_primes_up_to_1
FN:392,_RNvNtNtCs6qDGMtG5nTu_34highly_divisible_triangular_number15prime_generator5testss_19test_get_next_prime
FNDA:1128460,_RNCNvMNtCs6qDGMtG5nTu_34highly_divisible_triangular_number15prime_generatorNtB4_14PrimeGenerator8is_prime0B6_
FNDA:6865,_RNCNvMNtCs6qDGMtG5nTu_34highly_divisible_triangular_number15prime_generatorNtB4_14PrimeGenerator26is_prime_with_small_primes0B6_
FNDA:87,_RNCNvMNtCs6qDGMtG5nTu_34highly_divisible_triangular_number15prime_generatorNtB4_14PrimeGenerator29get_primes_below_n_with_sieve0B6_
FNDA:128,_RNCNvMNtCs6qDGMtG5nTu_34highly_divisible_triangular_number15prime_generatorNtB4_14PrimeGenerator29get_primes_below_n_with_sieves_0B6_
FNDA:1223,_RNCNvMNtCs6qDGMtG5nTu_34highly_divisible_triangular_number15prime_generatorNtB4_14PrimeGenerator28get_primes_below_n_in_series0B6_
FNDA:1231,_RNCNvMNtCs6qDGMtG5nTu_34highly_divisible_triangular_number15prime_generatorNtB4_14PrimeGenerator28get_primes_below_n_in_seriess_0B6_
FNDA:235,_RNCNvMNtCs6qDGMtG5nTu_34highly_divisible_triangular_number15prime_generatorNtB4_14PrimeGenerator28get_primes_below_n_in_seriess0_0B6_
FNDA:376,_RNCNvMNtCs6qDGMtG5nTu_34highly_divisible_triangular_number15prime_generatorNtB4_14PrimeGenerator21parallel_primes_up_to0B6_
FNDA:376,_RNCNvMNtCs6qDGMtG5nTu_34highly_divisible_triangular_number15prime_generatorNtB4_14PrimeGenerator21parallel_primes_up_tos_0B6_
FNDA:2064,_RNCNvMNtCs6qDGMtG5nTu_34highly_divisible_triangular_number15prime_generatorNtB4_14PrimeGenerator27mark_larger_primes_parallel0B6_
FNDA:346,_RNCNvMNtCs6qDGMtG5nTu_34highly_divisible_triangular_number15prime_generatorNtB4_14PrimeGenerator27mark_larger_primes_parallels_0B6_
FNDA:22670,_RNCNvXs0_NtCs6qDGMtG5nTu_34highly_divisible_triangular_number15prime_generatorNtB7_14PrimeGeneratorNtNtNtNtCs5cYH0lLSdLc_4core4iter6traits8iterator8Iterator4next0B9_
FNDA:119,_RNvMNtCs6qDGMtG5nTu_34highly_divisible_triangular_number15prime_generatorNtB2_14PrimeGenerator3new
FNDA:6,_RNvMNtCs6qDGMtG5nTu_34highly_divisible_triangular_number15prime_generatorNtB2_14PrimeGenerator18get_primes_below_n
FNDA:3,_RNvMNtCs6qDGMtG5nTu_34highly_divisible_triangular_number15prime_generatorNtB2_14PrimeGenerator18sum_primes_below_n
FNDA:2,_RNvMNtCs6qDGMtG5nTu_34highly_divisible_triangular_number15prime_generatorNtB2_14PrimeGenerator14get_next_prime
FNDA:4,_RNvMNtCs6qDGMtG5nTu_34highly_divisible_triangular_number15prime_generatorNtB2_14PrimeGenerator3len
FNDA:2,_RNvMNtCs6qDGMtG5nTu_34highly_divisible_triangular_number15prime_generatorNtB2_14PrimeGenerator8is_empty
FNDA:3677,_RNvMNtCs6qDGMtG5nTu_34highly_divisible_triangular_number15prime_generatorNtB2_14PrimeGenerator11current_max
FNDA:4054,_RNvMNtCs6qDGMtG5nTu_34highly_divisible_triangular_number15prime_generatorNtB2_14PrimeGenerator9add_prime
FNDA:22672,_RNvMNtCs6qDGMtG5nTu_34highly_divisible_triangular_number15prime_generatorNtB2_14PrimeGenerator8is_prime
FNDA:101,_RNvMNtCs6qDGMtG5nTu_34highly_divisible_triangular_number15prime_generatorNtB2_14PrimeGenerator9nth_prime
FNDA:2066,_RNvMNtCs6qDGMtG5nTu_34highly_divisible_triangular_number15prime_generatorNtB2_14PrimeGenerator26is_prime_with_small_primes
FNDA:6,_RNvMNtCs6qDGMtG5nTu_34highly_divisible_triangular_number15prime_generatorNtB2_14PrimeGenerator29get_primes_below_n_with_sieve
FNDA:8,_RNvMNtCs6qDGMtG5nTu_34highly_divisible_triangular_number15prime_generatorNtB2_14PrimeGenerator28get_primes_below_n_in_series
FNDA:11,_RNvMNtCs6qDGMtG5nTu_34highly_divisible_triangular_number15prime_generatorNtB2_14PrimeGenerator21parallel_primes_up_to
FNDA:8,_RNvMNtCs6qDGMtG5nTu_34highly_divisible_triangular_number15prime_generatorNtB2_14PrimeGenerator21get_small_prime_limit
FNDA:4,_RNvMNtCs6qDGMtG5nTu_34highly_divisible_triangular_number15prime_generatorNtB2_14PrimeGenerator21generate_small_primes
FNDA:4,_RNvMNtCs6qDGMtG5nTu_34highly_divisible_triangular_number15prime_generatorNtB2_14PrimeGenerator27mark_larger_primes_parallel
FNDA:3675,_RNvXs0_NtCs6qDGMtG5nTu_34highly_divisible_triangular_number15prime_generatorNtB5_14PrimeGeneratorNtNtNtNtCs5cYH0lLSdLc_4core4iter6traits8iterator8Iterator4next
FNDA:0,_RNvXs_NtCs6qDGMtG5nTu_34highly_divisible_triangular_number15prime_generatorNtB4_14PrimeGeneratorNtNtCs5cYH0lLSdLc_4core7default7Default7default
FNDA:50,_RNCNvNtNtCs6qDGMtG5nTu_34highly_divisible_triangular_number15prime_generator5testss_14test_nth_prime0B7_
FNDA:50,_RNvNtNtCs6qDGMtG5nTu_34highly_divisible_triangular_number15prime_generator5tests13get_nth_prime
FNDA:3,_RNvNtNtCs6qDGMtG5nTu_34highly_divisible_triangular_number15prime_generator5tests40test_series_equivalent_to_parallel_for_n
FNDA:1,_RNvNtNtCs6qDGMtG5nTu_34highly_divisible_triangular_number15prime_generator5tests17primes_below_1000
FNDA:1,_RNvNtNtCs6qDGMtG5nTu_34highly_divisible_triangular_number15prime_generator5testss_15can_make_object
FNDA:1,_RNvNtNtCs6qDGMtG5nTu_34highly_divisible_triangular_number15prime_generator5testss_21can_get_len_of_primes
FNDA:1,_RNvNtNtCs6qDGMtG5nTu_34highly_divisible_triangular_number15prime_generator5testss_18can_push_new_prime
FNDA:1,_RNvNtNtCs6qDGMtG5nTu_34highly_divisible_triangular_number15prime_generator5testss_42can_test_next_number_to_see_if_it_is_prime
FNDA:1,_RNvNtNtCs6qDGMtG5nTu_34highly_divisible_triangular_number15prime_generator5testss_59can_get_current_max_prime_before_and_after_adding_a_new_one
FNDA:1,_RNvNtNtCs6qDGMtG5nTu_34highly_divisible_triangular_number15prime_generator5testss_14test_nth_prime
FNDA:1,_RNvNtNtCs6qDGMtG5nTu_34highly_divisible_triangular_number15prime_generator5testss_60getting_primes_in_series_is_equivalent_to_in_parallel_for_50
FNDA:1,_RNvNtNtCs6qDGMtG5nTu_34highly_divisible_triangular_number15prime_generator5testss_61getting_primes_in_series_is_equivalent_to_in_parallel_for_100
FNDA:1,_RNvNtNtCs6qDGMtG5nTu_34highly_divisible_triangular_number15prime_generator5testss_62getting_primes_in_series_is_equivalent_to_in_parallel_for_1000
FNDA:1,_RNvNtNtCs6qDGMtG5nTu_34highly_divisible_triangular_number15prime_generator5testss_21test_sum_primes_lt_10
FNDA:1,_RNvNtNtCs6qDGMtG5nTu_34highly_divisible_triangular_number15prime_generator5testss_41test_sum_primes_lt_11_does_not_include_11
FNDA:1,_RNvNtNtCs6qDGMtG5nTu_34highly_divisible_triangular_number15prime_generator5testss_37test_sum_primes_lt_12_does_include_11
FNDA:1,_RNvNtNtCs6qDGMtG5nTu_34highly_divisible_triangular_number15prime_generator5testss_19test_sieve_up_to_10
FNDA:1,_RNvNtNtCs6qDGMtG5nTu_34highly_divisible_triangular_number15prime_generator5testss_19test_sieve_up_to_30
FNDA:1,_RNvNtNtCs6qDGMtG5nTu_34highly_divisible_triangular_number15prime_generator5testss_36test_is_prime_with_small_primes_only
FNDA:1,_RNvNtNtCs6qDGMtG5nTu_34highly_divisible_triangular_number15prime_generator5testss_24test_get_primes_below_10
FNDA:1,_RNvNtNtCs6qDGMtG5nTu_34highly_divisible_triangular_number15prime_generator5testss_24test_get_primes_below_30
FNDA:1,_RNvNtNtCs6qDGMtG5nTu_34highly_divisible_triangular_number15prime_generator5testss_26test_get_primes_below_1000
FNDA:1,_RNvNtNtCs6qDGMtG5nTu_34highly_divisible_triangular_number15prime_generator5testss_13test_is_empty
FNDA:1,_RNvNtNtCs6qDGMtG5nTu_34highly_divisible_triangular_number15prime_generator5testss_14test_0th_prime
FNDA:1,_RNvNtNtCs6qDGMtG5nTu_34highly_divisible_triangular_number15prime_generator5testss_19test_primes_up_to_0
FNDA:1,_RNvNtNtCs6qDGMtG5nTu_34highly_divisible_triangular_number15prime_generator5testss_19test_primes_up_to_1
FNDA:1,_RNvNtNtCs6qDGMtG5nTu_34highly_divisible_triangular_number15prime_generator5testss_19test_get_next_prime
FNF:58
FNH:57
DA:11,119
DA:12,119
DA:13,119
DA:14,119
DA:15,119
DA:16,119
DA:18,6
DA:19,6
DA:20,6
DA:22,3
DA:23,3
DA:24,3
DA:25,3
DA:27,2
DA:28,2
DA:29,2
DA:30,0
DA:31,0
DA:32,0
DA:34,2
DA:36,4
DA:37,4
DA:38,4
DA:41,2
DA:42,2
DA:43,2
DA:45,3677
DA:46,3677
DA:47,3677
DA:49,4054
DA:50,4054
DA:51,4054
DA:52,4054
DA:54,22672
DA:55,1128460
DA:56,22672
DA:58,101
DA:59,101
DA:60,1
DA:61,100
DA:62,2
DA:64,98
DA:66,101
DA:68,2066
DA:69,2066
DA:70,2066
DA:71,6865
DA:72,2066
DA:74,6
DA:75,6
DA:76,6
DA:77,6
DA:79,17
DA:80,17
DA:81,14
DA:82,14
DA:83,87
DA:84,14
DA:87,6
DA:88,6
DA:89,6
DA:90,128
DA:91,6
DA:92,6
DA:94,8
DA:95,1223
DA:96,1223
DA:97,1223
DA:98,8
DA:99,8
DA:100,8
DA:101,8
DA:102,1231
DA:103,235
DA:104,8
DA:105,8
DA:106,8
DA:107,8
DA:109,11
DA:110,11
DA:111,11
DA:112,11
DA:113,2
DA:114,9
DA:115,5
DA:116,4
DA:117,4
DA:118,4
DA:119,4
DA:120,4
DA:121,4
DA:122,4
DA:123,376
DA:124,4
DA:125,4
DA:126,4
DA:127,376
DA:128,4
DA:129,4
DA:130,11
DA:132,8
DA:133,8
DA:134,8
DA:136,4
DA:137,4
DA:138,4
DA:139,4
DA:141,4
DA:142,4
DA:143,4
DA:144,4
DA:145,4
DA:146,4
DA:147,2064
DA:148,346
DA:149,346
DA:150,346
DA:151,346
DA:152,4
DA:153,4
DA:154,4
DA:155,4
DA:156,4
DA:160,0
DA:161,0
DA:162,0
DA:168,3675
DA:169,22670
DA:170,3675
DA:171,3675
DA:172,3675
DA:173,3675
DA:176,0
DA:177,0
DA:180,3675
DA:189,1
DA:190,1
DA:191,1
DA:192,1
DA:193,1
DA:194,1
DA:195,1
DA:196,1
DA:197,1
DA:200,1
DA:201,1
DA:202,1
DA:203,1
DA:204,1
DA:207,1
DA:208,1
DA:209,1
DA:210,1
DA:211,1
DA:212,1
DA:215,1
DA:216,1
DA:217,1
DA:219,1
DA:220,1
DA:221,1
DA:224,1
DA:225,1
DA:226,1
DA:228,1
DA:229,1
DA:230,1
DA:232,50
DA:233,50
DA:234,50
DA:235,50
DA:238,1
DA:239,50
DA:240,50
DA:241,50
DA:242,50
DA:243,1
DA:245,3
DA:246,3
DA:247,3
DA:248,3
DA:249,3
DA:250,3
DA:251,3
DA:254,1
DA:255,1
DA:256,1
DA:259,1
DA:260,1
DA:261,1
DA:264,1
DA:265,1
DA:266,1
DA:269,1
DA:270,1
DA:271,1
DA:272,1
DA:273,1
DA:274,1
DA:275,1
DA:278,1
DA:279,1
DA:280,1
DA:281,1
DA:282,1
DA:283,1
DA:284,1
DA:287,1
DA:288,1
DA:289,1
DA:290,1
DA:291,1
DA:292,1
DA:293,1
DA:296,1
DA:297,1
DA:298,1
DA:299,1
DA:302,1
DA:303,1
DA:304,1
DA:305,1
DA:308,1
DA:309,1
DA:310,1
DA:311,1
DA:312,1
DA:313,1
DA:314,1
DA:315,1
DA:316,1
DA:317,1
DA:318,1
DA:319,1
DA:322,1
DA:323,1
DA:324,1
DA:325,1
DA:326,1
DA:329,1
DA:330,1
DA:331,1
DA:332,1
DA:333,1
DA:335,1
DA:336,1
DA:337,1
DA:338,1
DA:339,1
DA:340,1
DA:341,1
DA:342,1
DA:343,1
DA:344,1
DA:345,1
DA:346,1
DA:347,1
DA:348,1
DA:351,1
DA:352,1
DA:353,1
DA:354,1
DA:355,1
DA:356,1
DA:357,1
DA:360,1
DA:361,1
DA:362,1
DA:364,1
DA:365,1
DA:366,1
DA:369,1
DA:370,1
DA:371,1
DA:372,1
DA:375,1
DA:376,1
DA:377,1
DA:378,1
DA:379,1
DA:380,1
DA:381,1
DA:383,1
DA:384,1
DA:385,1
DA:386,1
DA:387,1
DA:388,1
DA:389,1
DA:392,1
DA:393,1
DA:394,1
DA:395,1
DA:396,1
DA:397,1
DA:399,1
DA:400,1
DA:401,1
DA:402,1
BRF:0
BRH:0
LF:315
LH:307
end_of_record
SF:/home/andy/dev/euler-rust/12-highly-divisible-triangular-number/src/triangular_number_maker.rs
FN:40,_RNvNtNtCs6qDGMtG5nTu_34highly_divisible_triangular_number23triangular_number_maker5testss_32can_make_triangular_number_maker
FN:51,_RNvNtNtCs6qDGMtG5nTu_34highly_divisible_triangular_number23triangular_number_maker5testss_16can_make_default
FN:59,_RNvNtNtCs6qDGMtG5nTu_34highly_divisible_triangular_number23triangular_number_maker5testss_30can_get_next_triangular_number
FN:8,_RNvMNtCs6qDGMtG5nTu_34highly_divisible_triangular_number23triangular_number_makerNtB2_21TriangularNumberMaker3new
FN:17,_RNvXs_NtCs6qDGMtG5nTu_34highly_divisible_triangular_number23triangular_number_makerNtB4_21TriangularNumberMakerNtNtCs5cYH0lLSdLc_4core7default7Default7default
FN:25,_RNvXs0_NtCs6qDGMtG5nTu_34highly_divisible_triangular_number23triangular_number_makerNtB5_21TriangularNumberMakerNtNtNtNtCs5cYH0lLSdLc_4core4iter6traits8iterator8Iterator4next
FNDA:1,_RNvNtNtCs6qDGMtG5nTu_34highly_divisible_triangular_number23triangular_number_maker5testss_32can_make_triangular_number_maker
FNDA:1,_RNvNtNtCs6qDGMtG5nTu_34highly_divisible_triangular_number23triangular_number_maker5testss_16can_make_default
FNDA:1,_RNvNtNtCs6qDGMtG5nTu_34highly_divisible_triangular_number23triangular_number_maker5testss_30can_get_next_triangular_number
FNDA:4,_RNvMNtCs6qDGMtG5nTu_34highly_divisible_triangular_number23triangular_number_makerNtB2_21TriangularNumberMaker3new
FNDA:1,_RNvXs_NtCs6qDGMtG5nTu_34highly_divisible_triangular_number23triangular_number_makerNtB4_21TriangularNumberMakerNtNtCs5cYH0lLSdLc_4core7default7Default7default
FNDA:1,_RNvXs0_NtCs6qDGMtG5nTu_34highly_divisible_triangular_number23triangular_number_makerNtB5_21TriangularNumberMakerNtNtNtNtCs5cYH0lLSdLc_4core4iter6traits8iterator8Iterator4next
FNF:6
FNH:6
DA:8,4
DA:9,4
DA:10,4
DA:11,4
DA:12,4
DA:13,4
DA:17,1
DA:18,1
DA:19,1
DA:25,1
DA:26,1
DA:27,1
DA:28,1
DA:29,1
DA:30,1
DA:31,1
DA:40,1
DA:41,1
DA:42,1
DA:43,1
DA:44,1
DA:45,1
DA:46,1
DA:47,1
DA:48,1
DA:51,1
DA:52,1
DA:53,1
DA:54,1
DA:55,1
DA:56,1
DA:59,1
DA:60,1
DA:61,1
DA:62,1
DA:63,1
DA:64,1
DA:65,1
BRF:0
BRH:0
LF:38
LH:38
end_of_record