SF:/home/andy/dev/euler-rust/9-special-pythagorean-triplet/src/lib.rs
FN:1,_RNvCsdz1NctjMn0j_27special_pythagorean_triplet16validate_triplet
FN:13,_RNvMCsdz1NctjMn0j_27special_pythagorean_tripletNtB2_18PythagoreanTriplet3new
FN:30,_RNvNtCsdz1NctjMn0j_27special_pythagorean_triplet5testss_43validate_triplet_gets_actual_triplets_right
FN:35,_RNvNtCsdz1NctjMn0j_27special_pythagorean_triplet5testss_39validate_triplet_gets_non_triplet_right
FN:40,_RNvNtCsdz1NctjMn0j_27special_pythagorean_triplet5testss_16can_make_triplet
FN:49,_RNvNtCsdz1NctjMn0j_27special_pythagorean_triplet5testss_39cannot_make_non_triplet_with_new_method
FNDA:5,_RNvCsdz1NctjMn0j_27special_pythagorean_triplet16validate_triplet
FNDA:3,_RNvMCsdz1NctjMn0j_27special_pythagorean_tripletNtB2_18PythagoreanTriplet3new
FNDA:1,_RNvNtCsdz1NctjMn0j_27special_pythagorean_triplet5testss_43validate_triplet_gets_actual_triplets_right
FNDA:1,_RNvNtCsdz1NctjMn0j_27special_pythagorean_triplet5testss_39validate_triplet_gets_non_triplet_right
FNDA:1,_RNvNtCsdz1NctjMn0j_27special_pythagorean_triplet5testss_16can_make_triplet
FNDA:1,_RNvNtCsdz1NctjMn0j_27special_pythagorean_triplet5testss_39cannot_make_non_triplet_with_new_method
FNF:6
FNH:6
DA:1,5
DA:2,5
DA:3,5
DA:13,3
DA:14,3
DA:15,1
DA:17,2
DA:18,2
DA:19,2
DA:21,3
DA:30,1
DA:31,1
DA:32,1
DA:35,1
DA:36,1
DA:37,1
DA:40,1
DA:41,1
DA:42,1
DA:43,1
DA:44,1
DA:45,1
DA:46,1
DA:49,1
DA:50,1
DA:51,1
DA:53,1
DA:54,1
DA:55,1
BRF:0
BRH:0
LF:29
LH:29
end_of_record
SF:/home/andy/dev/euler-rust/9-special-pythagorean-triplet/src/main.rs
FN:1,_RNvCs3mjccqeOb7V_27special_pythagorean_triplet4main
FNDA:0,_RNvCs3mjccqeOb7V_27special_pythagorean_triplet4main
FNF:1
FNH:0
DA:1,0
DA:2,0
DA:3,0
BRF:0
BRH:0
LF:3
LH:0
end_of_record